<?xml version="1.0" encoding="UTF-8"?>
<!-- Generated by org.testng.reporters.JUnitReportReporter -->
<testsuite hostname="DESKTOP-7BVTNQK" failures="0" tests="1" name="requestMethods.GetByPrice" time="0.038" errors="0" timestamp="2022-11-04T15:31:58 IST" skipped="0">
  <testcase classname="requestMethods.GetByPrice" name="getByPrice" time="0.038"/>
  <system-out/>
</testsuite> <!-- requestMethods.GetByPrice -->
