<?xml version="1.0" encoding="UTF-8"?>
<!-- Generated by org.testng.reporters.JUnitReportReporter -->
<testsuite hostname="DESKTOP-7BVTNQK" failures="0" tests="1" name="requestMethods.GetById" time="0.039" errors="0" timestamp="2022-11-04T15:31:58 IST" skipped="0">
  <testcase classname="requestMethods.GetById" name="getById" time="0.039"/>
  <system-out/>
</testsuite> <!-- requestMethods.GetById -->
