<?xml version="1.0" encoding="UTF-8"?>
<!-- Generated by org.testng.reporters.JUnitReportReporter -->
<testsuite hostname="DESKTOP-7BVTNQK" failures="0" tests="1" name="authentication.BasicAuth" time="3.389" errors="0" timestamp="2022-11-04T13:16:00 IST" skipped="0">
  <testcase classname="authentication.BasicAuth" name="basicAuthTest" time="3.389"/>
  <system-out/>
</testsuite> <!-- authentication.BasicAuth -->
