<?xml version="1.0" encoding="UTF-8"?>
<!-- Generated by org.testng.reporters.JUnitReportReporter -->
<testsuite hostname="DESKTOP-7BVTNQK" failures="0" tests="1" name="requestMethods.GetByName" time="0.032" errors="0" timestamp="2022-11-04T15:31:58 IST" skipped="0">
  <testcase classname="requestMethods.GetByName" name="getByName" time="0.032"/>
  <system-out/>
</testsuite> <!-- requestMethods.GetByName -->
