<?xml version="1.0" encoding="UTF-8"?>
<!-- Generated by org.testng.reporters.JUnitReportReporter -->
<testsuite hostname="DESKTOP-7BVTNQK" failures="0" tests="1" name="requestMethods.GetAll" time="0.168" errors="0" timestamp="2022-11-04T15:31:58 IST" skipped="0">
  <testcase classname="requestMethods.GetAll" name="getAll" time="0.168"/>
  <system-out/>
</testsuite> <!-- requestMethods.GetAll -->
